<?xml version="1.0" encoding="UTF-8"?>
<testng-results ignored="0" total="1" passed="1" failed="0" skipped="0">
  <reporter-output>
  </reporter-output>
  <suite started-at="2018-07-04T06:21:38Z" name="Default suite" finished-at="2018-07-04T06:22:01Z" duration-ms="23427">
    <groups>
    </groups>
    <test started-at="2018-07-04T06:21:38Z" name="Default test" finished-at="2018-07-04T06:22:01Z" duration-ms="23427">
      <class name="assignment.MakeARegistration">
        <test-method is-config="true" signature="invokeBrowser(java.lang.String)[pri:0, instance:assignment.MakeARegistration@38e79ae3]" started-at="2018-07-04T06:21:38Z" name="invokeBrowser" finished-at="2018-07-04T06:21:47Z" duration-ms="8904" status="PASS">
          <params>
            <param index="0">
              <value>
                <![CDATA[firefox]]>
              </value>
            </param>
          </params>
          <reporter-output>
          </reporter-output>
        </test-method> <!-- invokeBrowser -->
        <test-method signature="readAndRegister()[pri:0, instance:assignment.MakeARegistration@38e79ae3]" started-at="2018-07-04T06:21:47Z" name="readAndRegister" finished-at="2018-07-04T06:22:01Z" duration-ms="14511" status="PASS">
          <reporter-output>
          </reporter-output>
        </test-method> <!-- readAndRegister -->
      </class> <!-- assignment.MakeARegistration -->
    </test> <!-- Default test -->
  </suite> <!-- Default suite -->
</testng-results>
