<?xml version="1.0" encoding="UTF-8"?>
<!-- Generated by org.testng.reporters.JUnitXMLReporter -->
<testsuite ignored="0" hostname="Tomislavs-MacBook-Pro.local" failures="1" tests="21" name="Account/Dashboard test" time="585.98" errors="0" timestamp="26 Apr 2018 12:03:25 GMT">
  <testcase classname="account.CheckAllButtons" name="checkButtonsAndLinks" time="41.385"/>
  <testcase classname="account.UpdateWithABlankFirstName" name="leaveEmptyFirstNameAndUpdate" time="16.844"/>
  <testcase classname="account.UpdateWithABlankLastName" name="leaveEmptyLastNameAndUpdate" time="14.89"/>
  <testcase classname="account.UpdateWithABlankEmail" name="leaveEmptyEmailAndUpdate" time="16.277"/>
  <testcase classname="account.UpdateWithABlankOccupation" name="leaveEmptyOccupationAndUpdate" time="15.103"/>
  <testcase classname="account.UpdateOccupationTwice" name="selectOccupationSelectEmptyAndUpdate" time="16.85"/>
  <testcase classname="account.UpdateWithSomeOccupation" name="selectOccupationAndUpdate" time="16.272"/>
  <testcase classname="account.UpdateWithSpecCharacters" name="sendSpecCharactersAndUpdate" time="18.474"/>
  <testcase classname="account.UpdateAnEmailWithAnExistingOne" name="sendEmailThatExistsAndUpdate" time="17.679"/>
  <testcase classname="account.UpdateWithABlankSchool" name="leaveEmptyDistrictAndUpdate" time="11.696">
    <failure type="java.lang.Error" message="Test failed: UpdateWithABlankSchool, reason: Element is not currently interactable and may not be manipulated
Build info: version: &amp;apos;3.8.1&amp;apos;, revision: &amp;apos;6e95a6684b&amp;apos;, time: &amp;apos;2017-12-01T19:05:14.666Z&amp;apos;
System info: host: &amp;apos;Tomislavs-MacBook-Pro.local&amp;apos;, ip: &amp;apos;fe80:0:0:0:12:af70:a4e7:d43b%en0&amp;apos;, os.name: &amp;apos;Mac OS X&amp;apos;, os.arch: &amp;apos;x86_64&amp;apos;, os.version: &amp;apos;10.13.4&amp;apos;, java.version: &amp;apos;9.0.1&amp;apos;
Driver info: org.openqa.selenium.firefox.FirefoxDriver
Capabilities {acceptInsecureCerts: true, browserName: firefox, browserVersion: 56.0.2, javascriptEnabled: true, moz:accessibilityChecks: false, moz:headless: false, moz:processID: 1109, moz:profile: /var/folders/fx/g2b_rq_n3_g..., pageLoadStrategy: normal, platform: MAC, platformName: MAC, platformVersion: 17.5.0, rotatable: false, specificationLevel: 0, timeouts: {implicit: 0, pageLoad: 300000, script: 30000}}
Session ID: 61725ea9-e374-c34b-8da5-bbb6c4a79225">
      <![CDATA[java.lang.Error: Test failed: UpdateWithABlankSchool, reason: Element is not currently interactable and may not be manipulated
Build info: version: '3.8.1', revision: '6e95a6684b', time: '2017-12-01T19:05:14.666Z'
System info: host: 'Tomislavs-MacBook-Pro.local', ip: 'fe80:0:0:0:12:af70:a4e7:d43b%en0', os.name: 'Mac OS X', os.arch: 'x86_64', os.version: '10.13.4', java.version: '9.0.1'
Driver info: org.openqa.selenium.firefox.FirefoxDriver
Capabilities {acceptInsecureCerts: true, browserName: firefox, browserVersion: 56.0.2, javascriptEnabled: true, moz:accessibilityChecks: false, moz:headless: false, moz:processID: 1109, moz:profile: /var/folders/fx/g2b_rq_n3_g..., pageLoadStrategy: normal, platform: MAC, platformName: MAC, platformVersion: 17.5.0, rotatable: false, specificationLevel: 0, timeouts: {implicit: 0, pageLoad: 300000, script: 30000}}
Session ID: 61725ea9-e374-c34b-8da5-bbb6c4a79225
at account.UpdateWithABlankSchool.leaveEmptyDistrictAndUpdate(UpdateWithABlankSchool.java:82)
... Removed 25 stack frames]]>
    </failure>
  </testcase> <!-- leaveEmptyDistrictAndUpdate -->
  <testcase classname="account.UpdateWithABlankSupervisor" name="leaveBlankAndUpdate" time="15.272"/>
  <testcase classname="account.UpdateSupervisorWithASpecChar" name="passSupTheSpecChar" time="15.679"/>
  <testcase classname="account.UpdateWitABlankSupEmail" name="leaveABlankEmail" time="17.936"/>
  <testcase classname="account.UpdateDistrictWithASpecChar" name="passDisTheSpecChar" time="16.561"/>
  <testcase classname="account.UpdateWithABlankTwitterAndLinkedIn" name="leaveEmptyTwitterAndLinkedIn" time="16.629"/>
  <testcase classname="account.UpdateTwitterAndLinkendInWithASpecChar" name="passTwitterAndLinkedInSpecChar" time="15.846"/>
  <testcase classname="dashboard.CheckTheBadgeAndStipendButton" name="loginAndClickTheBadgeButton" time="19.087"/>
  <testcase classname="dashboard.CheckHelpVideosLink" name="loginAndClickOnHelpVideos" time="21.623"/>
  <testcase classname="dashboard.CheckMiddleGalaxyButtonAndLink" name="loginAndClickButtonAndLink" time="26.091"/>
  <testcase classname="dashboard.CheckTheGlossaryLink" name="loginAndClickTheGlossaryLink" time="24.02"/>
  <testcase classname="dashboard.CheckTheBannerLink" name="loginAndClickTheBannerLink" time="13.136"/>
</testsuite> <!-- Account/Dashboard test -->
