<?xml version="1.0" encoding="UTF-8"?>
<!-- Generated by org.testng.reporters.JUnitXMLReporter -->
<testsuite ignored="0" hostname="Tomislavs-MacBook-Pro.local" failures="20" tests="42" name="Account/Dashboard test" time="894.651" errors="0" timestamp="02 Mar 2018 13:11:40 GMT">
  <testcase classname="account.CheckAllButtons" name="invokeBrowser" time="77.65"/>
  <testcase classname="account.CheckAllButtons" name="checkButtonsAndLinks" time="0.014">
    <failure type="org.openqa.selenium.NoSuchSessionException" message="Session ID is null. Using WebDriver after calling quit()?
Build info: version: &amp;apos;3.8.1&amp;apos;, revision: &amp;apos;6e95a6684b&amp;apos;, time: &amp;apos;2017-12-01T19:05:14.666Z&amp;apos;
System info: host: &amp;apos;Tomislavs-MacBook-Pro.local&amp;apos;, ip: &amp;apos;fe80:0:0:0:1800:d509:b408:671e%en0&amp;apos;, os.name: &amp;apos;Mac OS X&amp;apos;, os.arch: &amp;apos;x86_64&amp;apos;, os.version: &amp;apos;10.13.3&amp;apos;, java.version: &amp;apos;9.0.1&amp;apos;
Driver info: driver.version: RemoteWebDriver">
      <![CDATA[org.openqa.selenium.NoSuchSessionException: Session ID is null. Using WebDriver after calling quit()?
Build info: version: '3.8.1', revision: '6e95a6684b', time: '2017-12-01T19:05:14.666Z'
System info: host: 'Tomislavs-MacBook-Pro.local', ip: 'fe80:0:0:0:1800:d509:b408:671e%en0', os.name: 'Mac OS X', os.arch: 'x86_64', os.version: '10.13.3', java.version: '9.0.1'
Driver info: driver.version: RemoteWebDriver
at org.openqa.selenium.remote.HttpCommandExecutor.execute(HttpCommandExecutor.java:131)
at org.openqa.selenium.remote.service.DriverCommandExecutor.execute(DriverCommandExecutor.java:83)
at org.openqa.selenium.remote.RemoteWebDriver.execute(RemoteWebDriver.java:601)
at org.openqa.selenium.remote.RemoteWebDriver.get(RemoteWebDriver.java:325)
at configuration.Login_Action.Execute(Login_Action.java:10)
at account.CheckAllButtons.checkButtonsAndLinks(CheckAllButtons.java:54)
... Removed 25 stack frames]]>
    </failure>
  </testcase> <!-- checkButtonsAndLinks -->
  <testcase classname="account.UpdateWithABlankFirstName" name="invokeBrowser" time="35.721"/>
  <testcase classname="account.UpdateWithABlankFirstName" name="leaveEmptyFirstNameAndUpdate" time="0.001">
    <failure type="org.openqa.selenium.NoSuchSessionException" message="Session ID is null. Using WebDriver after calling quit()?
Build info: version: &amp;apos;3.8.1&amp;apos;, revision: &amp;apos;6e95a6684b&amp;apos;, time: &amp;apos;2017-12-01T19:05:14.666Z&amp;apos;
System info: host: &amp;apos;Tomislavs-MacBook-Pro.local&amp;apos;, ip: &amp;apos;fe80:0:0:0:1800:d509:b408:671e%en0&amp;apos;, os.name: &amp;apos;Mac OS X&amp;apos;, os.arch: &amp;apos;x86_64&amp;apos;, os.version: &amp;apos;10.13.3&amp;apos;, java.version: &amp;apos;9.0.1&amp;apos;
Driver info: driver.version: RemoteWebDriver">
      <![CDATA[org.openqa.selenium.NoSuchSessionException: Session ID is null. Using WebDriver after calling quit()?
Build info: version: '3.8.1', revision: '6e95a6684b', time: '2017-12-01T19:05:14.666Z'
System info: host: 'Tomislavs-MacBook-Pro.local', ip: 'fe80:0:0:0:1800:d509:b408:671e%en0', os.name: 'Mac OS X', os.arch: 'x86_64', os.version: '10.13.3', java.version: '9.0.1'
Driver info: driver.version: RemoteWebDriver
at org.openqa.selenium.remote.HttpCommandExecutor.execute(HttpCommandExecutor.java:131)
at org.openqa.selenium.remote.service.DriverCommandExecutor.execute(DriverCommandExecutor.java:83)
at org.openqa.selenium.remote.RemoteWebDriver.execute(RemoteWebDriver.java:601)
at org.openqa.selenium.remote.RemoteWebDriver.get(RemoteWebDriver.java:325)
at configuration.Login_Action.Execute(Login_Action.java:10)
at account.UpdateWithABlankFirstName.leaveEmptyFirstNameAndUpdate(UpdateWithABlankFirstName.java:53)
... Removed 25 stack frames]]>
    </failure>
  </testcase> <!-- leaveEmptyFirstNameAndUpdate -->
  <testcase classname="account.UpdateWithABlankLastName" name="invokeBrowser" time="37.636"/>
  <testcase classname="account.UpdateWithABlankLastName" name="leaveEmptyLastNameAndUpdate" time="0.002">
    <failure type="org.openqa.selenium.NoSuchSessionException" message="Session ID is null. Using WebDriver after calling quit()?
Build info: version: &amp;apos;3.8.1&amp;apos;, revision: &amp;apos;6e95a6684b&amp;apos;, time: &amp;apos;2017-12-01T19:05:14.666Z&amp;apos;
System info: host: &amp;apos;Tomislavs-MacBook-Pro.local&amp;apos;, ip: &amp;apos;fe80:0:0:0:1800:d509:b408:671e%en0&amp;apos;, os.name: &amp;apos;Mac OS X&amp;apos;, os.arch: &amp;apos;x86_64&amp;apos;, os.version: &amp;apos;10.13.3&amp;apos;, java.version: &amp;apos;9.0.1&amp;apos;
Driver info: driver.version: RemoteWebDriver">
      <![CDATA[org.openqa.selenium.NoSuchSessionException: Session ID is null. Using WebDriver after calling quit()?
Build info: version: '3.8.1', revision: '6e95a6684b', time: '2017-12-01T19:05:14.666Z'
System info: host: 'Tomislavs-MacBook-Pro.local', ip: 'fe80:0:0:0:1800:d509:b408:671e%en0', os.name: 'Mac OS X', os.arch: 'x86_64', os.version: '10.13.3', java.version: '9.0.1'
Driver info: driver.version: RemoteWebDriver
at org.openqa.selenium.remote.HttpCommandExecutor.execute(HttpCommandExecutor.java:131)
at org.openqa.selenium.remote.service.DriverCommandExecutor.execute(DriverCommandExecutor.java:83)
at org.openqa.selenium.remote.RemoteWebDriver.execute(RemoteWebDriver.java:601)
at org.openqa.selenium.remote.RemoteWebDriver.get(RemoteWebDriver.java:325)
at configuration.Login_Action.Execute(Login_Action.java:10)
at account.UpdateWithABlankLastName.leaveEmptyLastNameAndUpdate(UpdateWithABlankLastName.java:54)
... Removed 25 stack frames]]>
    </failure>
  </testcase> <!-- leaveEmptyLastNameAndUpdate -->
  <testcase classname="account.UpdateWithABlankEmail" name="invokeBrowser" time="39.479"/>
  <testcase classname="account.UpdateWithABlankEmail" name="leaveEmptyEmailAndUpdate" time="0.002">
    <failure type="org.openqa.selenium.NoSuchSessionException" message="Session ID is null. Using WebDriver after calling quit()?
Build info: version: &amp;apos;3.8.1&amp;apos;, revision: &amp;apos;6e95a6684b&amp;apos;, time: &amp;apos;2017-12-01T19:05:14.666Z&amp;apos;
System info: host: &amp;apos;Tomislavs-MacBook-Pro.local&amp;apos;, ip: &amp;apos;fe80:0:0:0:1800:d509:b408:671e%en0&amp;apos;, os.name: &amp;apos;Mac OS X&amp;apos;, os.arch: &amp;apos;x86_64&amp;apos;, os.version: &amp;apos;10.13.3&amp;apos;, java.version: &amp;apos;9.0.1&amp;apos;
Driver info: driver.version: RemoteWebDriver">
      <![CDATA[org.openqa.selenium.NoSuchSessionException: Session ID is null. Using WebDriver after calling quit()?
Build info: version: '3.8.1', revision: '6e95a6684b', time: '2017-12-01T19:05:14.666Z'
System info: host: 'Tomislavs-MacBook-Pro.local', ip: 'fe80:0:0:0:1800:d509:b408:671e%en0', os.name: 'Mac OS X', os.arch: 'x86_64', os.version: '10.13.3', java.version: '9.0.1'
Driver info: driver.version: RemoteWebDriver
at org.openqa.selenium.remote.HttpCommandExecutor.execute(HttpCommandExecutor.java:131)
at org.openqa.selenium.remote.service.DriverCommandExecutor.execute(DriverCommandExecutor.java:83)
at org.openqa.selenium.remote.RemoteWebDriver.execute(RemoteWebDriver.java:601)
at org.openqa.selenium.remote.RemoteWebDriver.get(RemoteWebDriver.java:325)
at configuration.Login_Action.Execute(Login_Action.java:10)
at account.UpdateWithABlankEmail.leaveEmptyEmailAndUpdate(UpdateWithABlankEmail.java:53)
... Removed 25 stack frames]]>
    </failure>
  </testcase> <!-- leaveEmptyEmailAndUpdate -->
  <testcase classname="account.UpdateWithABlankOccupation" name="invokeBrowser" time="39.137"/>
  <testcase classname="account.UpdateWithABlankOccupation" name="leaveEmptyOccupationAndUpdate" time="0.001">
    <failure type="org.openqa.selenium.NoSuchSessionException" message="Session ID is null. Using WebDriver after calling quit()?
Build info: version: &amp;apos;3.8.1&amp;apos;, revision: &amp;apos;6e95a6684b&amp;apos;, time: &amp;apos;2017-12-01T19:05:14.666Z&amp;apos;
System info: host: &amp;apos;Tomislavs-MacBook-Pro.local&amp;apos;, ip: &amp;apos;fe80:0:0:0:1800:d509:b408:671e%en0&amp;apos;, os.name: &amp;apos;Mac OS X&amp;apos;, os.arch: &amp;apos;x86_64&amp;apos;, os.version: &amp;apos;10.13.3&amp;apos;, java.version: &amp;apos;9.0.1&amp;apos;
Driver info: driver.version: RemoteWebDriver">
      <![CDATA[org.openqa.selenium.NoSuchSessionException: Session ID is null. Using WebDriver after calling quit()?
Build info: version: '3.8.1', revision: '6e95a6684b', time: '2017-12-01T19:05:14.666Z'
System info: host: 'Tomislavs-MacBook-Pro.local', ip: 'fe80:0:0:0:1800:d509:b408:671e%en0', os.name: 'Mac OS X', os.arch: 'x86_64', os.version: '10.13.3', java.version: '9.0.1'
Driver info: driver.version: RemoteWebDriver
at org.openqa.selenium.remote.HttpCommandExecutor.execute(HttpCommandExecutor.java:131)
at org.openqa.selenium.remote.service.DriverCommandExecutor.execute(DriverCommandExecutor.java:83)
at org.openqa.selenium.remote.RemoteWebDriver.execute(RemoteWebDriver.java:601)
at org.openqa.selenium.remote.RemoteWebDriver.get(RemoteWebDriver.java:325)
at configuration.Login_Action.Execute(Login_Action.java:10)
at account.UpdateWithABlankOccupation.leaveEmptyOccupationAndUpdate(UpdateWithABlankOccupation.java:53)
... Removed 25 stack frames]]>
    </failure>
  </testcase> <!-- leaveEmptyOccupationAndUpdate -->
  <testcase classname="account.UpdateOccupationTwice" name="invokeBrowser" time="38.312"/>
  <testcase classname="account.UpdateOccupationTwice" name="selectOccupationSelectEmptyAndUpdate" time="0.008">
    <failure type="org.openqa.selenium.NoSuchSessionException" message="Session ID is null. Using WebDriver after calling quit()?
Build info: version: &amp;apos;3.8.1&amp;apos;, revision: &amp;apos;6e95a6684b&amp;apos;, time: &amp;apos;2017-12-01T19:05:14.666Z&amp;apos;
System info: host: &amp;apos;Tomislavs-MacBook-Pro.local&amp;apos;, ip: &amp;apos;fe80:0:0:0:1800:d509:b408:671e%en0&amp;apos;, os.name: &amp;apos;Mac OS X&amp;apos;, os.arch: &amp;apos;x86_64&amp;apos;, os.version: &amp;apos;10.13.3&amp;apos;, java.version: &amp;apos;9.0.1&amp;apos;
Driver info: driver.version: RemoteWebDriver">
      <![CDATA[org.openqa.selenium.NoSuchSessionException: Session ID is null. Using WebDriver after calling quit()?
Build info: version: '3.8.1', revision: '6e95a6684b', time: '2017-12-01T19:05:14.666Z'
System info: host: 'Tomislavs-MacBook-Pro.local', ip: 'fe80:0:0:0:1800:d509:b408:671e%en0', os.name: 'Mac OS X', os.arch: 'x86_64', os.version: '10.13.3', java.version: '9.0.1'
Driver info: driver.version: RemoteWebDriver
at org.openqa.selenium.remote.HttpCommandExecutor.execute(HttpCommandExecutor.java:131)
at org.openqa.selenium.remote.service.DriverCommandExecutor.execute(DriverCommandExecutor.java:83)
at org.openqa.selenium.remote.RemoteWebDriver.execute(RemoteWebDriver.java:601)
at org.openqa.selenium.remote.RemoteWebDriver.get(RemoteWebDriver.java:325)
at configuration.Login_Action.Execute(Login_Action.java:10)
at account.UpdateOccupationTwice.selectOccupationSelectEmptyAndUpdate(UpdateOccupationTwice.java:53)
... Removed 25 stack frames]]>
    </failure>
  </testcase> <!-- selectOccupationSelectEmptyAndUpdate -->
  <testcase classname="account.UpdateWithSomeOccupation" name="invokeBrowser" time="42.572"/>
  <testcase classname="account.UpdateWithSomeOccupation" name="selectOccupationAndUpdate" time="0.001">
    <failure type="org.openqa.selenium.NoSuchSessionException" message="Session ID is null. Using WebDriver after calling quit()?
Build info: version: &amp;apos;3.8.1&amp;apos;, revision: &amp;apos;6e95a6684b&amp;apos;, time: &amp;apos;2017-12-01T19:05:14.666Z&amp;apos;
System info: host: &amp;apos;Tomislavs-MacBook-Pro.local&amp;apos;, ip: &amp;apos;fe80:0:0:0:1800:d509:b408:671e%en0&amp;apos;, os.name: &amp;apos;Mac OS X&amp;apos;, os.arch: &amp;apos;x86_64&amp;apos;, os.version: &amp;apos;10.13.3&amp;apos;, java.version: &amp;apos;9.0.1&amp;apos;
Driver info: driver.version: RemoteWebDriver">
      <![CDATA[org.openqa.selenium.NoSuchSessionException: Session ID is null. Using WebDriver after calling quit()?
Build info: version: '3.8.1', revision: '6e95a6684b', time: '2017-12-01T19:05:14.666Z'
System info: host: 'Tomislavs-MacBook-Pro.local', ip: 'fe80:0:0:0:1800:d509:b408:671e%en0', os.name: 'Mac OS X', os.arch: 'x86_64', os.version: '10.13.3', java.version: '9.0.1'
Driver info: driver.version: RemoteWebDriver
at org.openqa.selenium.remote.HttpCommandExecutor.execute(HttpCommandExecutor.java:131)
at org.openqa.selenium.remote.service.DriverCommandExecutor.execute(DriverCommandExecutor.java:83)
at org.openqa.selenium.remote.RemoteWebDriver.execute(RemoteWebDriver.java:601)
at org.openqa.selenium.remote.RemoteWebDriver.get(RemoteWebDriver.java:325)
at configuration.Login_Action.Execute(Login_Action.java:10)
at account.UpdateWithSomeOccupation.selectOccupationAndUpdate(UpdateWithSomeOccupation.java:53)
... Removed 25 stack frames]]>
    </failure>
  </testcase> <!-- selectOccupationAndUpdate -->
  <testcase classname="account.UpdateWithSpecCharacters" name="invokeBrowser" time="41.414"/>
  <testcase classname="account.UpdateWithSpecCharacters" name="sendSpecCharactersAndUpdate" time="0.001">
    <failure type="org.openqa.selenium.NoSuchSessionException" message="Session ID is null. Using WebDriver after calling quit()?
Build info: version: &amp;apos;3.8.1&amp;apos;, revision: &amp;apos;6e95a6684b&amp;apos;, time: &amp;apos;2017-12-01T19:05:14.666Z&amp;apos;
System info: host: &amp;apos;Tomislavs-MacBook-Pro.local&amp;apos;, ip: &amp;apos;fe80:0:0:0:1800:d509:b408:671e%en0&amp;apos;, os.name: &amp;apos;Mac OS X&amp;apos;, os.arch: &amp;apos;x86_64&amp;apos;, os.version: &amp;apos;10.13.3&amp;apos;, java.version: &amp;apos;9.0.1&amp;apos;
Driver info: driver.version: RemoteWebDriver">
      <![CDATA[org.openqa.selenium.NoSuchSessionException: Session ID is null. Using WebDriver after calling quit()?
Build info: version: '3.8.1', revision: '6e95a6684b', time: '2017-12-01T19:05:14.666Z'
System info: host: 'Tomislavs-MacBook-Pro.local', ip: 'fe80:0:0:0:1800:d509:b408:671e%en0', os.name: 'Mac OS X', os.arch: 'x86_64', os.version: '10.13.3', java.version: '9.0.1'
Driver info: driver.version: RemoteWebDriver
at org.openqa.selenium.remote.HttpCommandExecutor.execute(HttpCommandExecutor.java:131)
at org.openqa.selenium.remote.service.DriverCommandExecutor.execute(DriverCommandExecutor.java:83)
at org.openqa.selenium.remote.RemoteWebDriver.execute(RemoteWebDriver.java:601)
at org.openqa.selenium.remote.RemoteWebDriver.get(RemoteWebDriver.java:325)
at configuration.Login_Action.Execute(Login_Action.java:10)
at account.UpdateWithSpecCharacters.sendSpecCharactersAndUpdate(UpdateWithSpecCharacters.java:51)
... Removed 25 stack frames]]>
    </failure>
  </testcase> <!-- sendSpecCharactersAndUpdate -->
  <testcase classname="account.UpdateAnEmailWithAnExistingOne" name="invokeBrowser" time="41.359"/>
  <testcase classname="account.UpdateAnEmailWithAnExistingOne" name="sendEmailThatExistsAndUpdate" time="0.001">
    <failure type="org.openqa.selenium.NoSuchSessionException" message="Session ID is null. Using WebDriver after calling quit()?
Build info: version: &amp;apos;3.8.1&amp;apos;, revision: &amp;apos;6e95a6684b&amp;apos;, time: &amp;apos;2017-12-01T19:05:14.666Z&amp;apos;
System info: host: &amp;apos;Tomislavs-MacBook-Pro.local&amp;apos;, ip: &amp;apos;fe80:0:0:0:1800:d509:b408:671e%en0&amp;apos;, os.name: &amp;apos;Mac OS X&amp;apos;, os.arch: &amp;apos;x86_64&amp;apos;, os.version: &amp;apos;10.13.3&amp;apos;, java.version: &amp;apos;9.0.1&amp;apos;
Driver info: driver.version: RemoteWebDriver">
      <![CDATA[org.openqa.selenium.NoSuchSessionException: Session ID is null. Using WebDriver after calling quit()?
Build info: version: '3.8.1', revision: '6e95a6684b', time: '2017-12-01T19:05:14.666Z'
System info: host: 'Tomislavs-MacBook-Pro.local', ip: 'fe80:0:0:0:1800:d509:b408:671e%en0', os.name: 'Mac OS X', os.arch: 'x86_64', os.version: '10.13.3', java.version: '9.0.1'
Driver info: driver.version: RemoteWebDriver
at org.openqa.selenium.remote.HttpCommandExecutor.execute(HttpCommandExecutor.java:131)
at org.openqa.selenium.remote.service.DriverCommandExecutor.execute(DriverCommandExecutor.java:83)
at org.openqa.selenium.remote.RemoteWebDriver.execute(RemoteWebDriver.java:601)
at org.openqa.selenium.remote.RemoteWebDriver.get(RemoteWebDriver.java:325)
at configuration.Login_Action.Execute(Login_Action.java:10)
at account.UpdateAnEmailWithAnExistingOne.sendEmailThatExistsAndUpdate(UpdateAnEmailWithAnExistingOne.java:53)
... Removed 25 stack frames]]>
    </failure>
  </testcase> <!-- sendEmailThatExistsAndUpdate -->
  <testcase classname="account.UpdateWithABlankSchool" name="invokeBrowser" time="38.227"/>
  <testcase classname="account.UpdateWithABlankSchool" name="leaveEmptyDistrictAndUpdate" time="0.001">
    <failure type="org.openqa.selenium.NoSuchSessionException" message="Session ID is null. Using WebDriver after calling quit()?
Build info: version: &amp;apos;3.8.1&amp;apos;, revision: &amp;apos;6e95a6684b&amp;apos;, time: &amp;apos;2017-12-01T19:05:14.666Z&amp;apos;
System info: host: &amp;apos;Tomislavs-MacBook-Pro.local&amp;apos;, ip: &amp;apos;fe80:0:0:0:1800:d509:b408:671e%en0&amp;apos;, os.name: &amp;apos;Mac OS X&amp;apos;, os.arch: &amp;apos;x86_64&amp;apos;, os.version: &amp;apos;10.13.3&amp;apos;, java.version: &amp;apos;9.0.1&amp;apos;
Driver info: driver.version: RemoteWebDriver">
      <![CDATA[org.openqa.selenium.NoSuchSessionException: Session ID is null. Using WebDriver after calling quit()?
Build info: version: '3.8.1', revision: '6e95a6684b', time: '2017-12-01T19:05:14.666Z'
System info: host: 'Tomislavs-MacBook-Pro.local', ip: 'fe80:0:0:0:1800:d509:b408:671e%en0', os.name: 'Mac OS X', os.arch: 'x86_64', os.version: '10.13.3', java.version: '9.0.1'
Driver info: driver.version: RemoteWebDriver
at org.openqa.selenium.remote.HttpCommandExecutor.execute(HttpCommandExecutor.java:131)
at org.openqa.selenium.remote.service.DriverCommandExecutor.execute(DriverCommandExecutor.java:83)
at org.openqa.selenium.remote.RemoteWebDriver.execute(RemoteWebDriver.java:601)
at org.openqa.selenium.remote.RemoteWebDriver.get(RemoteWebDriver.java:325)
at configuration.Login_Action.Execute(Login_Action.java:10)
at account.UpdateWithABlankSchool.leaveEmptyDistrictAndUpdate(UpdateWithABlankSchool.java:52)
... Removed 25 stack frames]]>
    </failure>
  </testcase> <!-- leaveEmptyDistrictAndUpdate -->
  <testcase classname="account.UpdateWithABlankSupervisor" name="invokeBrowser" time="39.335"/>
  <testcase classname="account.UpdateWithABlankSupervisor" name="leaveBlankAndUpdate" time="0.001">
    <failure type="org.openqa.selenium.NoSuchSessionException" message="Session ID is null. Using WebDriver after calling quit()?
Build info: version: &amp;apos;3.8.1&amp;apos;, revision: &amp;apos;6e95a6684b&amp;apos;, time: &amp;apos;2017-12-01T19:05:14.666Z&amp;apos;
System info: host: &amp;apos;Tomislavs-MacBook-Pro.local&amp;apos;, ip: &amp;apos;fe80:0:0:0:1800:d509:b408:671e%en0&amp;apos;, os.name: &amp;apos;Mac OS X&amp;apos;, os.arch: &amp;apos;x86_64&amp;apos;, os.version: &amp;apos;10.13.3&amp;apos;, java.version: &amp;apos;9.0.1&amp;apos;
Driver info: driver.version: RemoteWebDriver">
      <![CDATA[org.openqa.selenium.NoSuchSessionException: Session ID is null. Using WebDriver after calling quit()?
Build info: version: '3.8.1', revision: '6e95a6684b', time: '2017-12-01T19:05:14.666Z'
System info: host: 'Tomislavs-MacBook-Pro.local', ip: 'fe80:0:0:0:1800:d509:b408:671e%en0', os.name: 'Mac OS X', os.arch: 'x86_64', os.version: '10.13.3', java.version: '9.0.1'
Driver info: driver.version: RemoteWebDriver
at org.openqa.selenium.remote.HttpCommandExecutor.execute(HttpCommandExecutor.java:131)
at org.openqa.selenium.remote.service.DriverCommandExecutor.execute(DriverCommandExecutor.java:83)
at org.openqa.selenium.remote.RemoteWebDriver.execute(RemoteWebDriver.java:601)
at org.openqa.selenium.remote.RemoteWebDriver.get(RemoteWebDriver.java:325)
at configuration.Login_Action.Execute(Login_Action.java:10)
at account.UpdateWithABlankSupervisor.leaveBlankAndUpdate(UpdateWithABlankSupervisor.java:52)
... Removed 25 stack frames]]>
    </failure>
  </testcase> <!-- leaveBlankAndUpdate -->
  <testcase classname="account.UpdateSupervisorWithASpecChar" name="invokeBrowser" time="36.196"/>
  <testcase classname="account.UpdateSupervisorWithASpecChar" name="passSupTheSpecChar" time="0.0">
    <failure type="org.openqa.selenium.NoSuchSessionException" message="Session ID is null. Using WebDriver after calling quit()?
Build info: version: &amp;apos;3.8.1&amp;apos;, revision: &amp;apos;6e95a6684b&amp;apos;, time: &amp;apos;2017-12-01T19:05:14.666Z&amp;apos;
System info: host: &amp;apos;Tomislavs-MacBook-Pro.local&amp;apos;, ip: &amp;apos;fe80:0:0:0:1800:d509:b408:671e%en0&amp;apos;, os.name: &amp;apos;Mac OS X&amp;apos;, os.arch: &amp;apos;x86_64&amp;apos;, os.version: &amp;apos;10.13.3&amp;apos;, java.version: &amp;apos;9.0.1&amp;apos;
Driver info: driver.version: RemoteWebDriver">
      <![CDATA[org.openqa.selenium.NoSuchSessionException: Session ID is null. Using WebDriver after calling quit()?
Build info: version: '3.8.1', revision: '6e95a6684b', time: '2017-12-01T19:05:14.666Z'
System info: host: 'Tomislavs-MacBook-Pro.local', ip: 'fe80:0:0:0:1800:d509:b408:671e%en0', os.name: 'Mac OS X', os.arch: 'x86_64', os.version: '10.13.3', java.version: '9.0.1'
Driver info: driver.version: RemoteWebDriver
at org.openqa.selenium.remote.HttpCommandExecutor.execute(HttpCommandExecutor.java:131)
at org.openqa.selenium.remote.service.DriverCommandExecutor.execute(DriverCommandExecutor.java:83)
at org.openqa.selenium.remote.RemoteWebDriver.execute(RemoteWebDriver.java:601)
at org.openqa.selenium.remote.RemoteWebDriver.get(RemoteWebDriver.java:325)
at configuration.Login_Action.Execute(Login_Action.java:10)
at account.UpdateSupervisorWithASpecChar.passSupTheSpecChar(UpdateSupervisorWithASpecChar.java:53)
... Removed 25 stack frames]]>
    </failure>
  </testcase> <!-- passSupTheSpecChar -->
  <testcase classname="account.UpdateWitABlankSupEmail" name="invokeBrowser" time="39.285"/>
  <testcase classname="account.UpdateWitABlankSupEmail" name="leaveABlankEmail" time="0.001">
    <failure type="org.openqa.selenium.NoSuchSessionException" message="Session ID is null. Using WebDriver after calling quit()?
Build info: version: &amp;apos;3.8.1&amp;apos;, revision: &amp;apos;6e95a6684b&amp;apos;, time: &amp;apos;2017-12-01T19:05:14.666Z&amp;apos;
System info: host: &amp;apos;Tomislavs-MacBook-Pro.local&amp;apos;, ip: &amp;apos;fe80:0:0:0:1800:d509:b408:671e%en0&amp;apos;, os.name: &amp;apos;Mac OS X&amp;apos;, os.arch: &amp;apos;x86_64&amp;apos;, os.version: &amp;apos;10.13.3&amp;apos;, java.version: &amp;apos;9.0.1&amp;apos;
Driver info: driver.version: RemoteWebDriver">
      <![CDATA[org.openqa.selenium.NoSuchSessionException: Session ID is null. Using WebDriver after calling quit()?
Build info: version: '3.8.1', revision: '6e95a6684b', time: '2017-12-01T19:05:14.666Z'
System info: host: 'Tomislavs-MacBook-Pro.local', ip: 'fe80:0:0:0:1800:d509:b408:671e%en0', os.name: 'Mac OS X', os.arch: 'x86_64', os.version: '10.13.3', java.version: '9.0.1'
Driver info: driver.version: RemoteWebDriver
at org.openqa.selenium.remote.HttpCommandExecutor.execute(HttpCommandExecutor.java:131)
at org.openqa.selenium.remote.service.DriverCommandExecutor.execute(DriverCommandExecutor.java:83)
at org.openqa.selenium.remote.RemoteWebDriver.execute(RemoteWebDriver.java:601)
at org.openqa.selenium.remote.RemoteWebDriver.get(RemoteWebDriver.java:325)
at configuration.Login_Action.Execute(Login_Action.java:10)
at account.UpdateWitABlankSupEmail.leaveABlankEmail(UpdateWitABlankSupEmail.java:52)
... Removed 25 stack frames]]>
    </failure>
  </testcase> <!-- leaveABlankEmail -->
  <testcase classname="account.UpdateDistrictWithASpecChar" name="invokeBrowser" time="40.541"/>
  <testcase classname="account.UpdateDistrictWithASpecChar" name="passDisTheSpecChar" time="0.001">
    <failure type="org.openqa.selenium.NoSuchSessionException" message="Session ID is null. Using WebDriver after calling quit()?
Build info: version: &amp;apos;3.8.1&amp;apos;, revision: &amp;apos;6e95a6684b&amp;apos;, time: &amp;apos;2017-12-01T19:05:14.666Z&amp;apos;
System info: host: &amp;apos;Tomislavs-MacBook-Pro.local&amp;apos;, ip: &amp;apos;fe80:0:0:0:1800:d509:b408:671e%en0&amp;apos;, os.name: &amp;apos;Mac OS X&amp;apos;, os.arch: &amp;apos;x86_64&amp;apos;, os.version: &amp;apos;10.13.3&amp;apos;, java.version: &amp;apos;9.0.1&amp;apos;
Driver info: driver.version: RemoteWebDriver">
      <![CDATA[org.openqa.selenium.NoSuchSessionException: Session ID is null. Using WebDriver after calling quit()?
Build info: version: '3.8.1', revision: '6e95a6684b', time: '2017-12-01T19:05:14.666Z'
System info: host: 'Tomislavs-MacBook-Pro.local', ip: 'fe80:0:0:0:1800:d509:b408:671e%en0', os.name: 'Mac OS X', os.arch: 'x86_64', os.version: '10.13.3', java.version: '9.0.1'
Driver info: driver.version: RemoteWebDriver
at org.openqa.selenium.remote.HttpCommandExecutor.execute(HttpCommandExecutor.java:131)
at org.openqa.selenium.remote.service.DriverCommandExecutor.execute(DriverCommandExecutor.java:83)
at org.openqa.selenium.remote.RemoteWebDriver.execute(RemoteWebDriver.java:601)
at org.openqa.selenium.remote.RemoteWebDriver.get(RemoteWebDriver.java:325)
at configuration.Login_Action.Execute(Login_Action.java:10)
at account.UpdateDistrictWithASpecChar.passDisTheSpecChar(UpdateDistrictWithASpecChar.java:53)
... Removed 25 stack frames]]>
    </failure>
  </testcase> <!-- passDisTheSpecChar -->
  <testcase classname="account.UpdateWithABlankTwitterAndLinkedIn" name="invokeBrowser" time="20.27"/>
  <testcase classname="account.UpdateWithABlankTwitterAndLinkedIn" name="leaveEmptyTwitterAndLinkedIn" time="31.182">
    <failure type="org.openqa.selenium.NoSuchElementException" message="Unable to locate element: #email
For documentation on this error, please visit: http://seleniumhq.org/exceptions/no_such_element.html
Build info: version: &amp;apos;3.8.1&amp;apos;, revision: &amp;apos;6e95a6684b&amp;apos;, time: &amp;apos;2017-12-01T19:05:14.666Z&amp;apos;
System info: host: &amp;apos;Tomislavs-MacBook-Pro.local&amp;apos;, ip: &amp;apos;fe80:0:0:0:1800:d509:b408:671e%en0&amp;apos;, os.name: &amp;apos;Mac OS X&amp;apos;, os.arch: &amp;apos;x86_64&amp;apos;, os.version: &amp;apos;10.13.3&amp;apos;, java.version: &amp;apos;9.0.1&amp;apos;
Driver info: org.openqa.selenium.firefox.FirefoxDriver
Capabilities {acceptInsecureCerts: true, browserName: firefox, browserVersion: 56.0.2, javascriptEnabled: true, moz:accessibilityChecks: false, moz:headless: false, moz:processID: 3054, moz:profile: /var/folders/fx/g2b_rq_n3_g..., pageLoadStrategy: normal, platform: MAC, platformName: MAC, platformVersion: 17.4.0, rotatable: false, specificationLevel: 0, timeouts: {implicit: 0, pageLoad: 300000, script: 30000}}
Session ID: aad32e12-b336-f44b-b751-17553090f28c
*** Element info: {Using=id, value=email}">
      <![CDATA[org.openqa.selenium.NoSuchElementException: Unable to locate element: #email
For documentation on this error, please visit: http://seleniumhq.org/exceptions/no_such_element.html
Build info: version: '3.8.1', revision: '6e95a6684b', time: '2017-12-01T19:05:14.666Z'
System info: host: 'Tomislavs-MacBook-Pro.local', ip: 'fe80:0:0:0:1800:d509:b408:671e%en0', os.name: 'Mac OS X', os.arch: 'x86_64', os.version: '10.13.3', java.version: '9.0.1'
Driver info: org.openqa.selenium.firefox.FirefoxDriver
Capabilities {acceptInsecureCerts: true, browserName: firefox, browserVersion: 56.0.2, javascriptEnabled: true, moz:accessibilityChecks: false, moz:headless: false, moz:processID: 3054, moz:profile: /var/folders/fx/g2b_rq_n3_g..., pageLoadStrategy: normal, platform: MAC, platformName: MAC, platformVersion: 17.4.0, rotatable: false, specificationLevel: 0, timeouts: {implicit: 0, pageLoad: 300000, script: 30000}}
Session ID: aad32e12-b336-f44b-b751-17553090f28c
*** Element info: {Using=id, value=email}
at org.openqa.selenium.remote.http.W3CHttpResponseCodec.createException(W3CHttpResponseCodec.java:187)
at org.openqa.selenium.remote.http.W3CHttpResponseCodec.decode(W3CHttpResponseCodec.java:122)
at org.openqa.selenium.remote.http.W3CHttpResponseCodec.decode(W3CHttpResponseCodec.java:49)
at org.openqa.selenium.remote.HttpCommandExecutor.execute(HttpCommandExecutor.java:164)
at org.openqa.selenium.remote.service.DriverCommandExecutor.execute(DriverCommandExecutor.java:83)
at org.openqa.selenium.remote.RemoteWebDriver.execute(RemoteWebDriver.java:601)
at org.openqa.selenium.remote.RemoteWebDriver.findElement(RemoteWebDriver.java:371)
at org.openqa.selenium.remote.RemoteWebDriver.findElementById(RemoteWebDriver.java:417)
at org.openqa.selenium.By$ById.findElement(By.java:218)
at org.openqa.selenium.remote.RemoteWebDriver.findElement(RemoteWebDriver.java:363)
at configuration.Login_Action.Execute(Login_Action.java:11)
at account.UpdateWithABlankTwitterAndLinkedIn.leaveEmptyTwitterAndLinkedIn(UpdateWithABlankTwitterAndLinkedIn.java:52)
... Removed 29 stack frames]]>
    </failure>
  </testcase> <!-- leaveEmptyTwitterAndLinkedIn -->
  <testcase classname="account.UpdateTwitterAndLinkendInWithASpecChar" name="invokeBrowser" time="38.829"/>
  <testcase classname="account.UpdateTwitterAndLinkendInWithASpecChar" name="passTwitterAndLinkedInSpecChar" time="0.002">
    <failure type="org.openqa.selenium.NoSuchSessionException" message="Session ID is null. Using WebDriver after calling quit()?
Build info: version: &amp;apos;3.8.1&amp;apos;, revision: &amp;apos;6e95a6684b&amp;apos;, time: &amp;apos;2017-12-01T19:05:14.666Z&amp;apos;
System info: host: &amp;apos;Tomislavs-MacBook-Pro.local&amp;apos;, ip: &amp;apos;fe80:0:0:0:1800:d509:b408:671e%en0&amp;apos;, os.name: &amp;apos;Mac OS X&amp;apos;, os.arch: &amp;apos;x86_64&amp;apos;, os.version: &amp;apos;10.13.3&amp;apos;, java.version: &amp;apos;9.0.1&amp;apos;
Driver info: driver.version: RemoteWebDriver">
      <![CDATA[org.openqa.selenium.NoSuchSessionException: Session ID is null. Using WebDriver after calling quit()?
Build info: version: '3.8.1', revision: '6e95a6684b', time: '2017-12-01T19:05:14.666Z'
System info: host: 'Tomislavs-MacBook-Pro.local', ip: 'fe80:0:0:0:1800:d509:b408:671e%en0', os.name: 'Mac OS X', os.arch: 'x86_64', os.version: '10.13.3', java.version: '9.0.1'
Driver info: driver.version: RemoteWebDriver
at org.openqa.selenium.remote.HttpCommandExecutor.execute(HttpCommandExecutor.java:131)
at org.openqa.selenium.remote.service.DriverCommandExecutor.execute(DriverCommandExecutor.java:83)
at org.openqa.selenium.remote.RemoteWebDriver.execute(RemoteWebDriver.java:601)
at org.openqa.selenium.remote.RemoteWebDriver.get(RemoteWebDriver.java:325)
at configuration.Login_Action.Execute(Login_Action.java:10)
at account.UpdateTwitterAndLinkendInWithASpecChar.passTwitterAndLinkedInSpecChar(UpdateTwitterAndLinkendInWithASpecChar.java:53)
... Removed 25 stack frames]]>
    </failure>
  </testcase> <!-- passTwitterAndLinkedInSpecChar -->
  <testcase classname="dashboard.CheckTheBadgeAndStipendButton" name="invokeBrowser" time="44.222"/>
  <testcase classname="dashboard.CheckTheBadgeAndStipendButton" name="loginAndClickTheBadgeButton" time="0.002">
    <failure type="org.openqa.selenium.NoSuchSessionException" message="Session ID is null. Using WebDriver after calling quit()?
Build info: version: &amp;apos;3.8.1&amp;apos;, revision: &amp;apos;6e95a6684b&amp;apos;, time: &amp;apos;2017-12-01T19:05:14.666Z&amp;apos;
System info: host: &amp;apos;Tomislavs-MacBook-Pro.local&amp;apos;, ip: &amp;apos;fe80:0:0:0:1800:d509:b408:671e%en0&amp;apos;, os.name: &amp;apos;Mac OS X&amp;apos;, os.arch: &amp;apos;x86_64&amp;apos;, os.version: &amp;apos;10.13.3&amp;apos;, java.version: &amp;apos;9.0.1&amp;apos;
Driver info: driver.version: RemoteWebDriver">
      <![CDATA[org.openqa.selenium.NoSuchSessionException: Session ID is null. Using WebDriver after calling quit()?
Build info: version: '3.8.1', revision: '6e95a6684b', time: '2017-12-01T19:05:14.666Z'
System info: host: 'Tomislavs-MacBook-Pro.local', ip: 'fe80:0:0:0:1800:d509:b408:671e%en0', os.name: 'Mac OS X', os.arch: 'x86_64', os.version: '10.13.3', java.version: '9.0.1'
Driver info: driver.version: RemoteWebDriver
at org.openqa.selenium.remote.HttpCommandExecutor.execute(HttpCommandExecutor.java:131)
at org.openqa.selenium.remote.service.DriverCommandExecutor.execute(DriverCommandExecutor.java:83)
at org.openqa.selenium.remote.RemoteWebDriver.execute(RemoteWebDriver.java:601)
at org.openqa.selenium.remote.RemoteWebDriver.get(RemoteWebDriver.java:325)
at dashboard.CheckTheBadgeAndStipendButton.loginAndClickTheBadgeButton(CheckTheBadgeAndStipendButton.java:46)
... Removed 25 stack frames]]>
    </failure>
  </testcase> <!-- loginAndClickTheBadgeButton -->
  <testcase classname="dashboard.CheckHelpVideosLink" name="invokeBrowser" time="46.62"/>
  <testcase classname="dashboard.CheckHelpVideosLink" name="loginAndClickOnHelpVideos" time="0.002"/>
  <testcase classname="dashboard.CheckMiddleGalaxyButtonAndLink" name="invokeBrowser" time="47.147"/>
  <testcase classname="dashboard.CheckMiddleGalaxyButtonAndLink" name="loginAndClickButtonAndLink" time="0.001">
    <failure type="org.openqa.selenium.NoSuchSessionException" message="Session ID is null. Using WebDriver after calling quit()?
Build info: version: &amp;apos;3.8.1&amp;apos;, revision: &amp;apos;6e95a6684b&amp;apos;, time: &amp;apos;2017-12-01T19:05:14.666Z&amp;apos;
System info: host: &amp;apos;Tomislavs-MacBook-Pro.local&amp;apos;, ip: &amp;apos;fe80:0:0:0:1800:d509:b408:671e%en0&amp;apos;, os.name: &amp;apos;Mac OS X&amp;apos;, os.arch: &amp;apos;x86_64&amp;apos;, os.version: &amp;apos;10.13.3&amp;apos;, java.version: &amp;apos;9.0.1&amp;apos;
Driver info: driver.version: RemoteWebDriver">
      <![CDATA[org.openqa.selenium.NoSuchSessionException: Session ID is null. Using WebDriver after calling quit()?
Build info: version: '3.8.1', revision: '6e95a6684b', time: '2017-12-01T19:05:14.666Z'
System info: host: 'Tomislavs-MacBook-Pro.local', ip: 'fe80:0:0:0:1800:d509:b408:671e%en0', os.name: 'Mac OS X', os.arch: 'x86_64', os.version: '10.13.3', java.version: '9.0.1'
Driver info: driver.version: RemoteWebDriver
at org.openqa.selenium.remote.HttpCommandExecutor.execute(HttpCommandExecutor.java:131)
at org.openqa.selenium.remote.service.DriverCommandExecutor.execute(DriverCommandExecutor.java:83)
at org.openqa.selenium.remote.RemoteWebDriver.execute(RemoteWebDriver.java:601)
at org.openqa.selenium.remote.RemoteWebDriver.get(RemoteWebDriver.java:325)
at dashboard.CheckMiddleGalaxyButtonAndLink.loginAndClickButtonAndLink(CheckMiddleGalaxyButtonAndLink.java:46)
... Removed 25 stack frames]]>
    </failure>
  </testcase> <!-- loginAndClickButtonAndLink -->
  <testcase classname="dashboard.CheckTheGlossaryLink" name="invokeBrowser" time="44.279"/>
  <testcase classname="dashboard.CheckTheGlossaryLink" name="loginAndClickTheGlossaryLink" time="0.001">
    <failure type="org.openqa.selenium.NoSuchSessionException" message="Session ID is null. Using WebDriver after calling quit()?
Build info: version: &amp;apos;3.8.1&amp;apos;, revision: &amp;apos;6e95a6684b&amp;apos;, time: &amp;apos;2017-12-01T19:05:14.666Z&amp;apos;
System info: host: &amp;apos;Tomislavs-MacBook-Pro.local&amp;apos;, ip: &amp;apos;fe80:0:0:0:1800:d509:b408:671e%en0&amp;apos;, os.name: &amp;apos;Mac OS X&amp;apos;, os.arch: &amp;apos;x86_64&amp;apos;, os.version: &amp;apos;10.13.3&amp;apos;, java.version: &amp;apos;9.0.1&amp;apos;
Driver info: driver.version: RemoteWebDriver">
      <![CDATA[org.openqa.selenium.NoSuchSessionException: Session ID is null. Using WebDriver after calling quit()?
Build info: version: '3.8.1', revision: '6e95a6684b', time: '2017-12-01T19:05:14.666Z'
System info: host: 'Tomislavs-MacBook-Pro.local', ip: 'fe80:0:0:0:1800:d509:b408:671e%en0', os.name: 'Mac OS X', os.arch: 'x86_64', os.version: '10.13.3', java.version: '9.0.1'
Driver info: driver.version: RemoteWebDriver
at org.openqa.selenium.remote.HttpCommandExecutor.execute(HttpCommandExecutor.java:131)
at org.openqa.selenium.remote.service.DriverCommandExecutor.execute(DriverCommandExecutor.java:83)
at org.openqa.selenium.remote.RemoteWebDriver.execute(RemoteWebDriver.java:601)
at org.openqa.selenium.remote.RemoteWebDriver.get(RemoteWebDriver.java:325)
at dashboard.CheckTheGlossaryLink.loginAndClickTheGlossaryLink(CheckTheGlossaryLink.java:45)
... Removed 25 stack frames]]>
    </failure>
  </testcase> <!-- loginAndClickTheGlossaryLink -->
  <testcase classname="dashboard.CheckTheBannerLink" name="invokeBrowser" time="35.071"/>
  <testcase classname="dashboard.CheckTheBannerLink" name="loginAndClickTheBannerLink" time="0.001">
    <failure type="org.openqa.selenium.NoSuchSessionException" message="Session ID is null. Using WebDriver after calling quit()?
Build info: version: &amp;apos;3.8.1&amp;apos;, revision: &amp;apos;6e95a6684b&amp;apos;, time: &amp;apos;2017-12-01T19:05:14.666Z&amp;apos;
System info: host: &amp;apos;Tomislavs-MacBook-Pro.local&amp;apos;, ip: &amp;apos;fe80:0:0:0:1800:d509:b408:671e%en0&amp;apos;, os.name: &amp;apos;Mac OS X&amp;apos;, os.arch: &amp;apos;x86_64&amp;apos;, os.version: &amp;apos;10.13.3&amp;apos;, java.version: &amp;apos;9.0.1&amp;apos;
Driver info: driver.version: RemoteWebDriver">
      <![CDATA[org.openqa.selenium.NoSuchSessionException: Session ID is null. Using WebDriver after calling quit()?
Build info: version: '3.8.1', revision: '6e95a6684b', time: '2017-12-01T19:05:14.666Z'
System info: host: 'Tomislavs-MacBook-Pro.local', ip: 'fe80:0:0:0:1800:d509:b408:671e%en0', os.name: 'Mac OS X', os.arch: 'x86_64', os.version: '10.13.3', java.version: '9.0.1'
Driver info: driver.version: RemoteWebDriver
at org.openqa.selenium.remote.HttpCommandExecutor.execute(HttpCommandExecutor.java:131)
at org.openqa.selenium.remote.service.DriverCommandExecutor.execute(DriverCommandExecutor.java:83)
at org.openqa.selenium.remote.RemoteWebDriver.execute(RemoteWebDriver.java:601)
at org.openqa.selenium.remote.RemoteWebDriver.get(RemoteWebDriver.java:325)
at dashboard.CheckTheBannerLink.loginAndClickTheBannerLink(CheckTheBannerLink.java:45)
... Removed 25 stack frames]]>
    </failure>
  </testcase> <!-- loginAndClickTheBannerLink -->
</testsuite> <!-- Account/Dashboard test -->
