<?xml version="1.0" encoding="UTF-8"?>
<!-- Generated by org.testng.reporters.JUnitXMLReporter -->
<testsuite ignored="0" hostname="Tomislavs-MacBook-Pro.local" failures="0" tests="11" name="Registration/Login test" time="233.646" errors="0" timestamp="26 Apr 2018 11:28:25 GMT">
  <testcase classname="registration.CheckAllButtonsAndDropDowns" name="checkAndSelect" time="24.145"/>
  <testcase classname="login.CheckAllButtons" name="checkTheButtons" time="16.252"/>
  <testcase classname="login.LoginWithNonexistingAccount" name="typeInTheNonexistingAccount" time="7.618"/>
  <testcase classname="login.CorrectEmailIncorrectPass" name="typeInTheWrongCredentials1" time="8.623"/>
  <testcase classname="login.IncorrectEmailCorrectPass" name="typeInTheWrongCredentials2" time="7.329"/>
  <testcase classname="login.LoginWithExistingAccount" name="typeInTheRightCredentials" time="11.893"/>
  <testcase classname="login.LoginWithEmptyPass" name="leaveEmptyPass" time="5.461"/>
  <testcase classname="login.LoginWithEmptyEmail" name="leaveEmptyEmail" time="4.61"/>
  <testcase classname="login.LoginWithTheSamePassAsEmail" name="typePassAsEmail" time="7.631"/>
  <testcase classname="login.LoginWithTheSameEmailAsPass" name="typeEmailAsPass" time="4.931"/>
  <testcase classname="login.CheckForgotPassword" name="checkForgotPass" time="12.808"/>
</testsuite> <!-- Registration/Login test -->
