<?xml version="1.0" encoding="UTF-8"?>
<!-- Generated by org.testng.reporters.JUnitXMLReporter -->
<testsuite ignored="0" hostname="Tomislavs-MacBook-Pro.local" failures="0" tests="3" name="Regression test" time="49.594" errors="0" timestamp="07 Feb 2018 12:15:29 GMT">
  <testcase classname="registration.CheckAllButtonsAndDropDowns" name="invokeBrowser" time="49.539"/>
  <testcase classname="registration.CheckAllButtonsAndDropDowns" name="getTheUrl" time="0.024"/>
  <testcase classname="registration.CheckAllButtonsAndDropDowns" name="checkAndSelect" time="0.003"/>
</testsuite> <!-- Regression test -->
