<?xml version="1.0" encoding="UTF-8"?>
<!-- Generated by org.testng.reporters.JUnitXMLReporter -->
<testsuite ignored="0" hostname="Tomislavs-MacBook-Pro.local" failures="0" tests="3" name="Test Registration" time="41.308" errors="0" timestamp="07 Feb 2018 08:22:31 GMT">
  <testcase classname="registration.CheckAllButtonsAndDropDowns" name="checkAndSelect" time="0.013"/>
  <testcase classname="registration.CheckAllButtonsAndDropDowns" name="getTheUrl" time="0.003"/>
  <testcase classname="registration.CheckAllButtonsAndDropDowns" name="invokeBrowser" time="41.266"/>
</testsuite> <!-- Test Registration -->
